[debug] [2020-07-04T15:08:17.766Z] ----------------------------------------------------------------------
[debug] [2020-07-04T15:08:17.768Z] Command:       /Users/aryan/.nvm/versions/node/v12.4.0/bin/node /Users/aryan/.nvm/versions/node/v12.4.0/bin/firebase init
[debug] [2020-07-04T15:08:17.768Z] CLI Version:   8.4.3
[debug] [2020-07-04T15:08:17.768Z] Platform:      darwin
[debug] [2020-07-04T15:08:17.768Z] Node Version:  v12.4.0
[debug] [2020-07-04T15:08:17.769Z] Time:          Sat Jul 04 2020 20:38:17 GMT+0530 (India Standard Time)
[debug] [2020-07-04T15:08:17.769Z] ----------------------------------------------------------------------
[debug] [2020-07-04T15:08:17.769Z] 
[debug] [2020-07-04T15:08:17.774Z] > command requires scopes: ["email","openid","https://www.googleapis.com/auth/cloudplatformprojects.readonly","https://www.googleapis.com/auth/firebase","https://www.googleapis.com/auth/cloud-platform"]
[debug] [2020-07-04T15:08:17.774Z] > authorizing via signed-in user
[info] 
     ######## #### ########  ######## ########     ###     ######  ########
     ##        ##  ##     ## ##       ##     ##  ##   ##  ##       ##
     ######    ##  ########  ######   ########  #########  ######  ######
     ##        ##  ##    ##  ##       ##     ## ##     ##       ## ##
     ##       #### ##     ## ######## ########  ##     ##  ######  ########

You're about to initialize a Firebase project in this directory:

  /Users/aryan/Desktop/React Projects/demo-card

[info] 
=== Project Setup
[info] 
[info] First, let's associate this project directory with a Firebase project.
[info] You can create multiple project aliases by running firebase use --add, 
[info] but for now we'll just set up a default project.
[info] 
[info] i  If you want to create a project in a Google Cloud organization or folder, please use "firebase projects:create" instead, and return to this command when you've created the project. 
[debug] [2020-07-04T15:08:53.727Z] >>> HTTP REQUEST POST https://cloudresourcemanager.googleapis.com/v1/projects  
 {"projectId":"flickhub","name":"flickhub"}
[debug] [2020-07-04T15:08:55.466Z] <<< HTTP RESPONSE 200 {"content-type":"application/json; charset=UTF-8","vary":"X-Origin, Referer, Origin,Accept-Encoding","date":"Sat, 04 Jul 2020 15:08:58 GMT","server":"ESF","cache-control":"private","x-xss-protection":"0","x-frame-options":"SAMEORIGIN","x-content-type-options":"nosniff","server-timing":"gfet4t7; dur=1503","alt-svc":"h3-29=\":443\"; ma=2592000,h3-27=\":443\"; ma=2592000,h3-25=\":443\"; ma=2592000,h3-T050=\":443\"; ma=2592000,h3-Q050=\":443\"; ma=2592000,h3-Q046=\":443\"; ma=2592000,h3-Q043=\":443\"; ma=2592000,quic=\":443\"; ma=2592000; v=\"46,43\"","accept-ranges":"none","transfer-encoding":"chunked"}
[debug] [2020-07-04T15:08:55.468Z] >>> HTTP REQUEST GET https://cloudresourcemanager.googleapis.com/v1/operations/cp.9009513100249288233  
 
[debug] [2020-07-04T15:08:57.207Z] <<< HTTP RESPONSE 200 {"content-type":"application/json; charset=UTF-8","vary":"X-Origin, Referer, Origin,Accept-Encoding","date":"Sat, 04 Jul 2020 15:08:59 GMT","server":"ESF","cache-control":"private","x-xss-protection":"0","x-frame-options":"SAMEORIGIN","x-content-type-options":"nosniff","server-timing":"gfet4t7; dur=1630","alt-svc":"h3-29=\":443\"; ma=2592000,h3-27=\":443\"; ma=2592000,h3-25=\":443\"; ma=2592000,h3-T050=\":443\"; ma=2592000,h3-Q050=\":443\"; ma=2592000,h3-Q046=\":443\"; ma=2592000,h3-Q043=\":443\"; ma=2592000,quic=\":443\"; ma=2592000; v=\"46,43\"","accept-ranges":"none","transfer-encoding":"chunked"}
[debug] [2020-07-04T15:08:57.366Z] FirebaseError: Callers must accept Terms of Service
    at OperationPoller.<anonymous> (/Users/aryan/.nvm/versions/node/v12.4.0/lib/node_modules/firebase-tools/lib/operation-poller.js:32:23)
    at Generator.next (<anonymous>)
    at fulfilled (/Users/aryan/.nvm/versions/node/v12.4.0/lib/node_modules/firebase-tools/lib/operation-poller.js:5:58)
    at processTicksAndRejections (internal/process/task_queues.js:89:5)
[error] 
[error] Error: Failed to create project. See firebase-debug.log for more info.
